# JRE version: OpenJDK Runtime Environment (11.0.13) (build 11.0.13+0-b1751.21-8125866)
# Java VM: OpenJDK 64-Bit Server VM (11.0.13+0-b1751.21-8125866, mixed mode, tiered, compressed oops, g1 gc, windows-amd64)
Heap:
 garbage-first heap   total 312320K, used 178206K [0x0000000080000000, 0x0000000100000000)
  region size 1024K, 5 young (5120K), 3 survivors (3072K)
 Metaspace       used 121192K, capacity 124169K, committed 124504K, reserved 1173504K
  class space    used 14797K, capacity 15875K, committed 15960K, reserved 1048576K
GC Heap History (20 events):
Event: 37.687 GC heap before
{Heap before GC invocations=37 (full 0):
 garbage-first heap   total 260096K, used 202362K [0x0000000080000000, 0x0000000100000000)
  region size 1024K, 18 young (18432K), 2 survivors (2048K)
 Metaspace       used 116253K, capacity 119187K, committed 119384K, reserved 1153024K
  class space    used 14275K, capacity 15308K, committed 15448K, reserved 1048576K
}
Event: 37.691 GC heap after
{Heap after GC invocations=38 (full 0):
 garbage-first heap   total 260096K, used 187804K [0x0000000080000000, 0x0000000100000000)
  region size 1024K, 2 young (2048K), 2 survivors (2048K)
 Metaspace       used 116253K, capacity 119187K, committed 119384K, reserved 1153024K
  class space    used 14275K, capacity 15308K, committed 15448K, reserved 1048576K
}
Event: 37.835 GC heap before
{Heap before GC invocations=39 (full 0):
 garbage-first heap   total 260096K, used 212380K [0x0000000080000000, 0x0000000100000000)
  region size 1024K, 26 young (26624K), 2 survivors (2048K)
 Metaspace       used 116365K, capacity 119251K, committed 119640K, reserved 1153024K
  class space    used 14275K, capacity 15308K, committed 15448K, reserved 1048576K
}
Event: 37.839 GC heap after
{Heap after GC invocations=40 (full 0):
 garbage-first heap   total 260096K, used 189069K [0x0000000080000000, 0x0000000100000000)
  region size 1024K, 4 young (4096K), 4 survivors (4096K)
 Metaspace       used 116365K, capacity 119251K, committed 119640K, reserved 1153024K
  class space    used 14275K, capacity 15308K, committed 15448K, reserved 1048576K
}
Event: 37.896 GC heap before
{Heap before GC invocations=40 (full 0):
 garbage-first heap   total 260096K, used 196237K [0x0000000080000000, 0x0000000100000000)
  region size 1024K, 12 young (12288K), 4 survivors (4096K)
 Metaspace       used 116429K, capacity 119315K, committed 119640K, reserved 1153024K
  class space    used 14275K, capacity 15308K, committed 15448K, reserved 1048576K
}
Event: 37.901 GC heap after
{Heap after GC invocations=41 (full 0):
 garbage-first heap   total 260096K, used 171397K [0x0000000080000000, 0x0000000100000000)
  region size 1024K, 1 young (1024K), 1 survivors (1024K)
 Metaspace       used 116429K, capacity 119315K, committed 119640K, reserved 1153024K
  class space    used 14275K, capacity 15308K, committed 15448K, reserved 1048576K
}
Event: 38.064 GC heap before
{Heap before GC invocations=41 (full 0):
 garbage-first heap   total 260096K, used 203141K [0x0000000080000000, 0x0000000100000000)
  region size 1024K, 33 young (33792K), 1 survivors (1024K)
 Metaspace       used 116543K, capacity 119382K, committed 119640K, reserved 1153024K
  class space    used 14279K, capacity 15309K, committed 15448K, reserved 1048576K
}
Event: 38.069 GC heap after
{Heap after GC invocations=42 (full 0):
 garbage-first heap   total 260096K, used 172677K [0x0000000080000000, 0x0000000100000000)
  region size 1024K, 2 young (2048K), 2 survivors (2048K)
 Metaspace       used 116543K, capacity 119382K, committed 119640K, reserved 1153024K
  class space    used 14279K, capacity 15309K, committed 15448K, reserved 1048576K
}
Event: 38.340 GC heap before
{Heap before GC invocations=43 (full 0):
 garbage-first heap   total 260096K, used 207493K [0x0000000080000000, 0x0000000100000000)
  region size 1024K, 36 young (36864K), 2 survivors (2048K)
 Metaspace       used 116931K, capacity 119798K, committed 120152K, reserved 1155072K
  class space    used 14308K, capacity 15341K, committed 15448K, reserved 1048576K
}
Event: 38.348 GC heap after
{Heap after GC invocations=44 (full 0):
 garbage-first heap   total 260096K, used 176278K [0x0000000080000000, 0x0000000100000000)
  region size 1024K, 5 young (5120K), 5 survivors (5120K)
 Metaspace       used 116931K, capacity 119798K, committed 120152K, reserved 1155072K
  class space    used 14308K, capacity 15341K, committed 15448K, reserved 1048576K
}
Event: 38.362 GC heap before
{Heap before GC invocations=44 (full 0):
 garbage-first heap   total 260096K, used 183446K [0x0000000080000000, 0x0000000100000000)
  region size 1024K, 12 young (12288K), 5 survivors (5120K)
 Metaspace       used 117056K, capacity 119958K, committed 120152K, reserved 1155072K
  class space    used 14316K, capacity 15373K, committed 15448K, reserved 1048576K
}
Event: 38.369 GC heap after
{Heap after GC invocations=45 (full 0):
 garbage-first heap   total 260096K, used 176710K [0x0000000080000000, 0x0000000100000000)
  region size 1024K, 2 young (2048K), 2 survivors (2048K)
 Metaspace       used 117056K, capacity 119958K, committed 120152K, reserved 1155072K
  class space    used 14316K, capacity 15373K, committed 15448K, reserved 1048576K
}
Event: 38.493 GC heap before
{Heap before GC invocations=45 (full 0):
 garbage-first heap   total 260096K, used 209478K [0x0000000080000000, 0x0000000100000000)
  region size 1024K, 35 young (35840K), 2 survivors (2048K)
 Metaspace       used 117493K, capacity 120473K, committed 120792K, reserved 1155072K
  class space    used 14350K, capacity 15438K, committed 15576K, reserved 1048576K
}
Event: 38.499 GC heap after
{Heap after GC invocations=46 (full 0):
 garbage-first heap   total 260096K, used 180077K [0x0000000080000000, 0x0000000100000000)
  region size 1024K, 5 young (5120K), 5 survivors (5120K)
 Metaspace       used 117493K, capacity 120473K, committed 120792K, reserved 1155072K
  class space    used 14350K, capacity 15438K, committed 15576K, reserved 1048576K
}
Event: 38.670 GC heap before
{Heap before GC invocations=46 (full 0):
 garbage-first heap   total 260096K, used 211821K [0x0000000080000000, 0x0000000100000000)
  region size 1024K, 37 young (37888K), 5 survivors (5120K)
 Metaspace       used 117507K, capacity 120473K, committed 120792K, reserved 1155072K
  class space    used 14350K, capacity 15438K, committed 15576K, reserved 1048576K
}
Event: 38.679 GC heap after
{Heap after GC invocations=47 (full 0):
 garbage-first heap   total 312320K, used 180858K [0x0000000080000000, 0x0000000100000000)
  region size 1024K, 2 young (2048K), 2 survivors (2048K)
 Metaspace       used 117507K, capacity 120473K, committed 120792K, reserved 1155072K
  class space    used 14350K, capacity 15438K, committed 15576K, reserved 1048576K
}
Event: 39.192 GC heap before
{Heap before GC invocations=48 (full 0):
 garbage-first heap   total 312320K, used 234106K [0x0000000080000000, 0x0000000100000000)
  region size 1024K, 55 young (56320K), 2 survivors (2048K)
 Metaspace       used 117896K, capacity 120857K, committed 121048K, reserved 1155072K
  class space    used 14377K, capacity 15438K, committed 15576K, reserved 1048576K
}
Event: 39.196 GC heap after
{Heap after GC invocations=49 (full 0):
 garbage-first heap   total 312320K, used 178863K [0x0000000080000000, 0x0000000100000000)
  region size 1024K, 2 young (2048K), 2 survivors (2048K)
 Metaspace       used 117896K, capacity 120857K, committed 121048K, reserved 1155072K
  class space    used 14377K, capacity 15438K, committed 15576K, reserved 1048576K
}
Event: 39.859 GC heap before
{Heap before GC invocations=49 (full 0):
 garbage-first heap   total 312320K, used 191151K [0x0000000080000000, 0x0000000100000000)
  region size 1024K, 15 young (15360K), 2 survivors (2048K)
 Metaspace       used 118407K, capacity 121325K, committed 121560K, reserved 1155072K
  class space    used 14433K, capacity 15506K, committed 15576K, reserved 1048576K
}
Event: 39.864 GC heap after
{Heap after GC invocations=50 (full 0):
 garbage-first heap   total 312320K, used 176354K [0x0000000080000000, 0x0000000100000000)
  region size 1024K, 2 young (2048K), 2 survivors (2048K)
 Metaspace       used 118407K, capacity 121325K, committed 121560K, reserved 1155072K
  class space    used 14433K, capacity 15506K, committed 15576K, reserved 1048576K
}

