# JRE version: OpenJDK Runtime Environment (11.0.13) (build 11.0.13+0-b1751.21-8125866)
# Java VM: OpenJDK 64-Bit Server VM (11.0.13+0-b1751.21-8125866, mixed mode, tiered, compressed oops, g1 gc, windows-amd64)
Heap:
 garbage-first heap   total 260096K, used 191429K [0x0000000080000000, 0x0000000100000000)
  region size 1024K, 53 young (54272K), 10 survivors (10240K)
 Metaspace       used 107391K, capacity 109978K, committed 110040K, reserved 1144832K
  class space    used 13587K, capacity 14549K, committed 14592K, reserved 1048576K
GC Heap History (20 events):
Event: 17.586 GC heap before
{Heap before GC invocations=6 (full 0):
 garbage-first heap   total 260096K, used 159567K [0x0000000080000000, 0x0000000100000000)
  region size 1024K, 112 young (114688K), 8 survivors (8192K)
 Metaspace       used 45291K, capacity 46508K, committed 46592K, reserved 1089536K
  class space    used 5666K, capacity 6123K, committed 6144K, reserved 1048576K
}
Event: 17.600 GC heap after
{Heap after GC invocations=7 (full 0):
 garbage-first heap   total 260096K, used 59863K [0x0000000080000000, 0x0000000100000000)
  region size 1024K, 14 young (14336K), 14 survivors (14336K)
 Metaspace       used 45291K, capacity 46508K, committed 46592K, reserved 1089536K
  class space    used 5666K, capacity 6123K, committed 6144K, reserved 1048576K
}
Event: 19.510 GC heap before
{Heap before GC invocations=8 (full 0):
 garbage-first heap   total 260096K, used 175575K [0x0000000080000000, 0x0000000100000000)
  region size 1024K, 122 young (124928K), 14 survivors (14336K)
 Metaspace       used 54206K, capacity 55653K, committed 55936K, reserved 1097728K
  class space    used 6977K, capacity 7509K, committed 7552K, reserved 1048576K
}
Event: 19.528 GC heap after
{Heap after GC invocations=9 (full 0):
 garbage-first heap   total 260096K, used 73370K [0x0000000080000000, 0x0000000100000000)
  region size 1024K, 16 young (16384K), 16 survivors (16384K)
 Metaspace       used 54206K, capacity 55653K, committed 55936K, reserved 1097728K
  class space    used 6977K, capacity 7509K, committed 7552K, reserved 1048576K
}
Event: 23.936 GC heap before
{Heap before GC invocations=9 (full 0):
 garbage-first heap   total 260096K, used 188058K [0x0000000080000000, 0x0000000100000000)
  region size 1024K, 124 young (126976K), 16 survivors (16384K)
 Metaspace       used 59924K, capacity 61677K, committed 61824K, reserved 1103872K
  class space    used 7682K, capacity 8288K, committed 8320K, reserved 1048576K
}
Event: 23.949 GC heap after
{Heap after GC invocations=10 (full 0):
 garbage-first heap   total 260096K, used 85998K [0x0000000080000000, 0x0000000100000000)
  region size 1024K, 16 young (16384K), 16 survivors (16384K)
 Metaspace       used 59924K, capacity 61677K, committed 61824K, reserved 1103872K
  class space    used 7682K, capacity 8288K, committed 8320K, reserved 1048576K
}
Event: 25.165 GC heap before
{Heap before GC invocations=10 (full 0):
 garbage-first heap   total 260096K, used 199662K [0x0000000080000000, 0x0000000100000000)
  region size 1024K, 121 young (123904K), 16 survivors (16384K)
 Metaspace       used 71897K, capacity 73780K, committed 74112K, reserved 1114112K
  class space    used 9110K, capacity 9779K, committed 9856K, reserved 1048576K
}
Event: 25.176 GC heap after
{Heap after GC invocations=11 (full 0):
 garbage-first heap   total 260096K, used 93788K [0x0000000080000000, 0x0000000100000000)
  region size 1024K, 16 young (16384K), 16 survivors (16384K)
 Metaspace       used 71897K, capacity 73780K, committed 74112K, reserved 1114112K
  class space    used 9110K, capacity 9779K, committed 9856K, reserved 1048576K
}
Event: 25.972 GC heap before
{Heap before GC invocations=11 (full 0):
 garbage-first heap   total 260096K, used 169564K [0x0000000080000000, 0x0000000100000000)
  region size 1024K, 90 young (92160K), 16 survivors (16384K)
 Metaspace       used 75553K, capacity 77531K, committed 77656K, reserved 1116160K
  class space    used 9598K, capacity 10318K, committed 10368K, reserved 1048576K
}
Event: 26.002 GC heap after
{Heap after GC invocations=12 (full 0):
 garbage-first heap   total 260096K, used 98326K [0x0000000080000000, 0x0000000100000000)
  region size 1024K, 12 young (12288K), 12 survivors (12288K)
 Metaspace       used 75553K, capacity 77531K, committed 77656K, reserved 1116160K
  class space    used 9598K, capacity 10318K, committed 10368K, reserved 1048576K
}
Event: 28.511 GC heap before
{Heap before GC invocations=13 (full 0):
 garbage-first heap   total 260096K, used 216086K [0x0000000080000000, 0x0000000100000000)
  region size 1024K, 105 young (107520K), 12 survivors (12288K)
 Metaspace       used 84493K, capacity 86659K, committed 87000K, reserved 1124352K
  class space    used 10867K, capacity 11651K, committed 11776K, reserved 1048576K
}
Event: 28.525 GC heap after
{Heap after GC invocations=14 (full 0):
 garbage-first heap   total 260096K, used 134409K [0x0000000080000000, 0x0000000100000000)
  region size 1024K, 14 young (14336K), 14 survivors (14336K)
 Metaspace       used 84493K, capacity 86659K, committed 87000K, reserved 1124352K
  class space    used 10867K, capacity 11651K, committed 11776K, reserved 1048576K
}
Event: 29.063 GC heap before
{Heap before GC invocations=14 (full 0):
 garbage-first heap   total 260096K, used 197897K [0x0000000080000000, 0x0000000100000000)
  region size 1024K, 77 young (78848K), 14 survivors (14336K)
 Metaspace       used 86605K, capacity 88915K, committed 89048K, reserved 1126400K
  class space    used 11117K, capacity 11927K, committed 12032K, reserved 1048576K
}
Event: 29.073 GC heap after
{Heap after GC invocations=15 (full 0):
 garbage-first heap   total 260096K, used 138376K [0x0000000080000000, 0x0000000100000000)
  region size 1024K, 3 young (3072K), 3 survivors (3072K)
 Metaspace       used 86605K, capacity 88915K, committed 89048K, reserved 1126400K
  class space    used 11117K, capacity 11927K, committed 12032K, reserved 1048576K
}
Event: 30.294 GC heap before
{Heap before GC invocations=16 (full 0):
 garbage-first heap   total 260096K, used 208008K [0x0000000080000000, 0x0000000100000000)
  region size 1024K, 70 young (71680K), 3 survivors (3072K)
 Metaspace       used 94795K, capacity 97131K, committed 97240K, reserved 1134592K
  class space    used 12123K, capacity 12961K, committed 13056K, reserved 1048576K
}
Event: 30.301 GC heap after
{Heap after GC invocations=17 (full 0):
 garbage-first heap   total 260096K, used 140303K [0x0000000080000000, 0x0000000100000000)
  region size 1024K, 5 young (5120K), 5 survivors (5120K)
 Metaspace       used 94795K, capacity 97131K, committed 97240K, reserved 1134592K
  class space    used 12123K, capacity 12961K, committed 13056K, reserved 1048576K
}
Event: 32.566 GC heap before
{Heap before GC invocations=17 (full 0):
 garbage-first heap   total 260096K, used 208911K [0x0000000080000000, 0x0000000100000000)
  region size 1024K, 73 young (74752K), 5 survivors (5120K)
 Metaspace       used 104491K, capacity 107039K, committed 107224K, reserved 1142784K
  class space    used 13364K, capacity 14290K, committed 14336K, reserved 1048576K
}
Event: 32.578 GC heap after
{Heap after GC invocations=18 (full 0):
 garbage-first heap   total 260096K, used 144802K [0x0000000080000000, 0x0000000100000000)
  region size 1024K, 10 young (10240K), 10 survivors (10240K)
 Metaspace       used 104491K, capacity 107039K, committed 107224K, reserved 1142784K
  class space    used 13364K, capacity 14290K, committed 14336K, reserved 1048576K
}
Event: 38.783 GC heap before
{Heap before GC invocations=19 (full 0):
 garbage-first heap   total 260096K, used 211362K [0x0000000080000000, 0x0000000100000000)
  region size 1024K, 76 young (77824K), 10 survivors (10240K)
 Metaspace       used 106201K, capacity 108897K, committed 109144K, reserved 1144832K
  class space    used 13491K, capacity 14446K, committed 14464K, reserved 1048576K
}
Event: 38.795 GC heap after
{Heap after GC invocations=20 (full 0):
 garbage-first heap   total 260096K, used 149445K [0x0000000080000000, 0x0000000100000000)
  region size 1024K, 10 young (10240K), 10 survivors (10240K)
 Metaspace       used 106201K, capacity 108897K, committed 109144K, reserved 1144832K
  class space    used 13491K, capacity 14446K, committed 14464K, reserved 1048576K
}

